0 info it worked if it ends with ok
1 verbose cli [ 'C:\\Program Files\\nodejs\\\\node.exe',
1 verbose cli   'C:\\Program Files\\nodejs\\node_modules\\npm\\bin\\npm-cli.js',
1 verbose cli   'version',
1 verbose cli   'handlebars' ]
2 info using npm@1.1.62
3 info using node@v0.8.11
4 verbose node symlink C:\Program Files\nodejs\\node.exe
5 error version No package.json found
6 error Error: ENOENT, open 'C:\Users\mhagan\My Documents\GitHub\WorldManager\WORLD_MANAGER\package.json'
7 error If you need help, you may report this log at:
7 error     <http://github.com/isaacs/npm/issues>
7 error or email it to:
7 error     <npm-@googlegroups.com>
8 error System Windows_NT 6.1.7601
9 error command "C:\\Program Files\\nodejs\\\\node.exe" "C:\\Program Files\\nodejs\\node_modules\\npm\\bin\\npm-cli.js" "version" "handlebars"
10 error cwd C:\Users\mhagan\My Documents\GitHub\WorldManager\WORLD_MANAGER
11 error node -v v0.8.11
12 error npm -v 1.1.62
13 error path C:\Users\mhagan\My Documents\GitHub\WorldManager\WORLD_MANAGER\package.json
14 error code ENOENT
15 error errno 34
16 verbose exit [ 34, true ]
